Turbo Assembler	 Version 4.1	    05/22/19 23:11:56	    Page 1
KURSACH.ASM



      1					 .386
      2	    0000			 DATA SEGMENT use16
      3	    0000  43 6F	6D 6D 30 6E 53+		 STRING	  DB	"Comm0nStr1ng with Numbers."
      4		  74 72	31 6E 67 20 77+
      5		  69 74	68 20 4E 75 6D+
      6		  62 65	72 73 2E
      7	    001A  000A				 MYW1	  DW	0AH
      8	    001C  0025				 MYW2	  DW	100101B
      9	    001E  00BE				 MYDW1	  DW	190
     10	    0020  00000002			 MYDW2	  DD	    02H
     11
     12	    0024			 DATA ENDS
     13
     14					 MYMC1 MACRO
     15						 NOT  BX
     16					 ENDM
     17
     18					 MYMC2 MACRO STR
     19						 LSS DX, STR
     20					 ENDM
     21
     22	    0000			 CODE SEGMENT use16
     23
     24						 assume	ds:data, cs:code
     25
     26	    0000  0005				 LOCA DW 5
     27	    0002			 M2:
     28
     29	    0002  98				 CBW
     30
     31	    0003  3E: C7 86 001Ar 000C		 MOV  MYW1[BP],	0CH
     32	    000A  C7 85	001Ar 0000		 MOV  DS:MYW1[DI], 0
     33	    0010  2E: C7 84 0000r 0006		 MOV  CS:LOCA[SI], 6
     34
     35	    0017  F7 D0				 NOT  AX
     36
     37	    0019  3B C2				 CMP  AX, DX
     38
     39	    001B  76 16	90 90			 JBE  M1
     40
     41	    001F  3E: 19 8E 001Er		 SBB  MYDW1[BP], CX
     42
     43	    0024  0F B2	BC 0020r		 LSS  DI, MYDW2[SI]
     44
     45	    0029  0F BA	E8 05			 BTS AX, 5
     46
     47	    002D  3B C2				 CMP AX, DX
     48
     49	    002F  76 D1				 JBE M2
     50
     51						 MYMC1
1    52	    0031  F7 D3				 NOT  BX
     53
     54	    0033			 M1:
     55	    0033  C7 85	001Cr 00AA		 MOV MYW2[DI], 0AAH
     56
     57						 MYMC2 DS:MYDW2[BP]
Turbo Assembler	 Version 4.1	    05/22/19 23:11:56	    Page 2
KURSACH.ASM



1    58	    0039  3E: 0F B2 96 0020r		 LSS DX, DS:MYDW2[BP]
     59
     60	    003F			 CODE ENDS
     61					 END
Turbo Assembler	 Version 4.1	    05/22/19 23:11:56	    Page 3
Symbol Table




Symbol Name			  Type	 Value

??DATE				  Text	 "05/22/19"
??FILENAME			  Text	 "KURSACH "
??TIME				  Text	 "23:11:55"
??VERSION			  Number 040A
@CPU				  Text	 0F0FH
@CURSEG				  Text	 CODE
@FILENAME			  Text	 KURSACH
@WORDSIZE			  Text	 2
LOCA				  Word	 CODE:0000
M1				  Near	 CODE:0033
M2				  Near	 CODE:0002
MYDW1				  Word	 DATA:001E
MYDW2				  Dword	 DATA:0020
MYW1				  Word	 DATA:001A
MYW2				  Word	 DATA:001C
STRING				  Byte	 DATA:0000

Macro Name

MYMC1
MYMC2

Groups & Segments		  Bit Size Align  Combine Class

CODE				  16  003F Para	  none
DATA				  16  0024 Para	  none
